<?xml version="1.0" encoding="UTF-8"?>
<!-- Generated by org.testng.reporters.JUnitXMLReporter -->
<testsuite hostname="DESKTOP-C3TDPIJ" name="Default test" tests="3" failures="0" timestamp="25 Jul 2018 06:52:59 GMT" time="11.256" errors="0">
  <testcase name="createUserTest" time="0.008" classname="com.actitime.UserTest.UserTest"/>
  <testcase name="deleteUserTest" time="0.006" classname="com.actitime.UserTest.UserTest"/>
  <testcase name="modifyUserTest" time="0.002" classname="com.actitime.UserTest.UserTest"/>
</testsuite> <!-- Default test -->
