<?xml version="1.0" encoding="UTF-8"?>
<testng-results skipped="0" failed="0" total="3" passed="3">
  <reporter-output>
  </reporter-output>
  <suite name="Default suite" duration-ms="11256" started-at="2018-07-25T06:52:47Z" finished-at="2018-07-25T06:52:59Z">
    <groups>
      <group name="regressionTest">
        <method signature="UserTest.deleteUserTest()[pri:0, instance:com.actitime.UserTest.UserTest@6fa38a]" name="deleteUserTest" class="com.actitime.UserTest.UserTest"/>
        <method signature="UserTest.modifyUserTest()[pri:0, instance:com.actitime.UserTest.UserTest@6fa38a]" name="modifyUserTest" class="com.actitime.UserTest.UserTest"/>
      </group> <!-- regressionTest -->
      <group name="smokeTest">
        <method signature="UserTest.createUserTest()[pri:0, instance:com.actitime.UserTest.UserTest@6fa38a]" name="createUserTest" class="com.actitime.UserTest.UserTest"/>
      </group> <!-- smokeTest -->
    </groups>
    <test name="Default test" duration-ms="11256" started-at="2018-07-25T06:52:47Z" finished-at="2018-07-25T06:52:59Z">
      <class name="com.actitime.UserTest.UserTest">
        <test-method status="PASS" signature="configBC()[pri:0, instance:com.actitime.UserTest.UserTest@6fa38a]" name="configBC" is-config="true" duration-ms="5658" started-at="2018-07-25T12:22:47Z" finished-at="2018-07-25T12:22:53Z">
          <reporter-output>
          </reporter-output>
        </test-method> <!-- configBC -->
        <test-method status="PASS" signature="configBM()[pri:0, instance:com.actitime.UserTest.UserTest@6fa38a]" name="configBM" is-config="true" duration-ms="896" started-at="2018-07-25T12:22:53Z" finished-at="2018-07-25T12:22:54Z">
          <reporter-output>
          </reporter-output>
        </test-method> <!-- configBM -->
        <test-method status="PASS" signature="createUserTest()[pri:0, instance:com.actitime.UserTest.UserTest@6fa38a]" name="createUserTest" duration-ms="8" started-at="2018-07-25T12:22:54Z" finished-at="2018-07-25T12:22:54Z">
          <reporter-output>
          </reporter-output>
        </test-method> <!-- createUserTest -->
        <test-method status="PASS" signature="configAM()[pri:0, instance:com.actitime.UserTest.UserTest@6fa38a]" name="configAM" is-config="true" duration-ms="1890" started-at="2018-07-25T12:22:54Z" finished-at="2018-07-25T12:22:56Z">
          <reporter-output>
          </reporter-output>
        </test-method> <!-- configAM -->
        <test-method status="PASS" signature="configBM()[pri:0, instance:com.actitime.UserTest.UserTest@6fa38a]" name="configBM" is-config="true" duration-ms="419" started-at="2018-07-25T12:22:56Z" finished-at="2018-07-25T12:22:56Z">
          <reporter-output>
          </reporter-output>
        </test-method> <!-- configBM -->
        <test-method status="PASS" signature="deleteUserTest()[pri:0, instance:com.actitime.UserTest.UserTest@6fa38a]" name="deleteUserTest" duration-ms="6" started-at="2018-07-25T12:22:56Z" finished-at="2018-07-25T12:22:56Z">
          <reporter-output>
          </reporter-output>
        </test-method> <!-- deleteUserTest -->
        <test-method status="PASS" signature="configAM()[pri:0, instance:com.actitime.UserTest.UserTest@6fa38a]" name="configAM" is-config="true" duration-ms="918" started-at="2018-07-25T12:22:56Z" finished-at="2018-07-25T12:22:57Z">
          <reporter-output>
          </reporter-output>
        </test-method> <!-- configAM -->
        <test-method status="PASS" signature="configBM()[pri:0, instance:com.actitime.UserTest.UserTest@6fa38a]" name="configBM" is-config="true" duration-ms="439" started-at="2018-07-25T12:22:57Z" finished-at="2018-07-25T12:22:58Z">
          <reporter-output>
          </reporter-output>
        </test-method> <!-- configBM -->
        <test-method status="PASS" signature="modifyUserTest()[pri:0, instance:com.actitime.UserTest.UserTest@6fa38a]" name="modifyUserTest" duration-ms="2" started-at="2018-07-25T12:22:58Z" finished-at="2018-07-25T12:22:58Z">
          <reporter-output>
          </reporter-output>
        </test-method> <!-- modifyUserTest -->
        <test-method status="PASS" signature="configAM()[pri:0, instance:com.actitime.UserTest.UserTest@6fa38a]" name="configAM" is-config="true" duration-ms="962" started-at="2018-07-25T12:22:58Z" finished-at="2018-07-25T12:22:59Z">
          <reporter-output>
          </reporter-output>
        </test-method> <!-- configAM -->
        <test-method status="PASS" signature="configAC()[pri:0, instance:com.actitime.UserTest.UserTest@6fa38a]" name="configAC" is-config="true" duration-ms="13" started-at="2018-07-25T12:22:59Z" finished-at="2018-07-25T12:22:59Z">
          <reporter-output>
          </reporter-output>
        </test-method> <!-- configAC -->
      </class> <!-- com.actitime.UserTest.UserTest -->
    </test> <!-- Default test -->
  </suite> <!-- Default suite -->
</testng-results>
